0 silly argv {
0 silly argv   _: [ 'create' ],
0 silly argv   lernaVersion: '8.1.3',
0 silly argv   '$0': 'node_modules/lerna/dist/cli.js',
0 silly argv   name: 'console'
0 silly argv }
1 notice cli v8.1.3
2 verbose packageConfigs Explicit "packages" configuration found in lerna.json. Resolving packages using the configured glob(s): ["packages/*"]
3 verbose rootPath /Users/tangzeyong/workspace/book-courses
4 warn ENOREMOTE No git remote found, skipping repository property
5 error Error: canceled
5 error     at Interface.<anonymous> (/Users/tangzeyong/workspace/book-courses/node_modules/.pnpm/read@3.0.1/node_modules/read/dist/commonjs/read.js:89:21)
5 error     at Interface.emit (node:events:514:28)
5 error     at [_ttyWrite] [as _ttyWrite] (node:internal/readline/interface:1131:18)
5 error     at ReadStream.onkeypress (node:internal/readline/interface:270:20)
5 error     at ReadStream.emit (node:events:514:28)
5 error     at emitKeys (node:internal/readline/utils:357:14)
5 error     at emitKeys.next (<anonymous>)
5 error     at ReadStream.onData (node:internal/readline/emitKeypressEvents:64:36)
5 error     at ReadStream.emit (node:events:514:28)
